fetch_source_file specifier: https://deno.land/x/dex/mod.ts 
fetch_source_file specifier: https://deno.land/x/dex/lib/index.js 
fetch_source_file specifier: https://deno.land/x/dex/lib/knex.js 
fetch_source_file specifier: https://deno.land/x/dex/lib/raw.js 
fetch_source_file specifier: https://deno.land/x/dex/lib/client.js 
fetch_source_file specifier: https://deno.land/x/dex/lib/query/builder.js 
fetch_source_file specifier: https://deno.land/x/dex/lib/query/methods.js 
fetch_source_file specifier: https://deno.land/x/dex/lib/util/make-knex.js 
fetch_source_file specifier: https://deno.land/x/dex/lib/util/parse-connection.js 
fetch_source_file specifier: https://deno.land/x/dex/lib/util/timeout.js 
fetch_source_file specifier: https://deno.land/x/dex/lib/util/fake-client.js 
fetch_source_file specifier: https://deno.land/x/dex/lib/constants.js 
fetch_source_file specifier: https://deno.land/x/dex/lib/helpers.js 
fetch_source_file specifier: https://deno.land/x/dex/lib/dialects/mssql/index.js 
fetch_source_file specifier: https://deno.land/x/dex/lib/dialects/mysql/index.js 
fetch_source_file specifier: https://deno.land/x/dex/lib/dialects/mysql2/index.js 
fetch_source_file specifier: https://deno.land/x/dex/lib/dialects/oracledb/index.js 
fetch_source_file specifier: https://deno.land/x/dex/lib/dialects/postgres/index.js 
fetch_source_file specifier: https://deno.land/x/dex/lib/dialects/redshift/index.js 
fetch_source_file specifier: https://deno.land/x/dex/lib/dialects/sqlite3/index.js 
fetch_source_file specifier: https://deno.land/x/dex/lib/deps/inherits@2.0.4/inherits.js 
fetch_source_file specifier: https://deno.land/x/dex/lib/deps/@jspm/core@1.1.0/nodelibs/events.js 
fetch_source_file specifier: https://deno.land/x/dex/lib/deps/debug@4.1.1/src/index.js 
fetch_source_file specifier: https://deno.land/x/dex/lib/deps/lodash@4.17.15/index.js 
fetch_source_file specifier: https://deno.land/x/dex/lib/util/save-async-stack.js 
fetch_source_file specifier: https://deno.land/x/dex/lib/deps/uuid/mod.ts 
fetch_source_file specifier: https://deno.land/x/dex/lib/interface.js 
fetch_source_file specifier: https://deno.land/x/dex/lib/ref.js 
fetch_source_file specifier: https://deno.land/x/dex/lib/runner.js 
fetch_source_file specifier: https://deno.land/x/dex/lib/formatter.js 
fetch_source_file specifier: https://deno.land/x/dex/lib/transaction.js 
fetch_source_file specifier: https://deno.land/x/dex/lib/query/compiler.js 
fetch_source_file specifier: https://deno.land/x/dex/lib/schema/builder.js 
fetch_source_file specifier: https://deno.land/x/dex/lib/schema/compiler.js 
fetch_source_file specifier: https://deno.land/x/dex/lib/schema/tablebuilder.js 
fetch_source_file specifier: https://deno.land/x/dex/lib/schema/tablecompiler.js 
fetch_source_file specifier: https://deno.land/x/dex/lib/schema/columnbuilder.js 
fetch_source_file specifier: https://deno.land/x/dex/lib/schema/columncompiler.js 
fetch_source_file specifier: https://deno.land/x/dex/lib/deps/tarn@3.0.0/dist/tarn.js 
fetch_source_file specifier: https://deno.land/x/dex/lib/deps/@jspm/core@1.1.0/nodelibs/util.js 
fetch_source_file specifier: https://deno.land/x/dex/lib/query/string.js 
fetch_source_file specifier: https://deno.land/x/dex/lib/logger.js 
fetch_source_file specifier: https://deno.land/x/dex/lib/deps/@jspm/core@1.1.0/nodelibs/assert.js 
fetch_source_file specifier: https://deno.land/x/dex/lib/query/joinclause.js 
fetch_source_file specifier: https://deno.land/x/dex/lib/query/constants.js 
fetch_source_file specifier: https://deno.land/x/dex/lib/migrate/Migrator.js 
fetch_source_file specifier: https://deno.land/x/dex/lib/seed/Seeder.js 
fetch_source_file specifier: https://deno.land/x/dex/lib/functionhelper.js 
fetch_source_file specifier: https://deno.land/x/dex/lib/util/batchInsert.js 
fetch_source_file specifier: https://deno.land/x/dex/lib/deps/@jspm/core@1.1.0/nodelibs/url.js 
fetch_source_file specifier: https://deno.land/x/dex/lib/deps/pg-connection-string@2.2.0/index.js 
fetch_source_file specifier: https://deno.land/x/dex/lib/dialects/mssql/transaction.js 
fetch_source_file specifier: https://deno.land/x/dex/lib/dialects/mssql/query/compiler.js 
fetch_source_file specifier: https://deno.land/x/dex/lib/dialects/mssql/schema/compiler.js 
fetch_source_file specifier: https://deno.land/x/dex/lib/dialects/mssql/schema/tablecompiler.js 
fetch_source_file specifier: https://deno.land/x/dex/lib/dialects/mssql/schema/columncompiler.js 
fetch_source_file specifier: https://deno.land/x/dex/lib/dialects/mysql/transaction.js 
fetch_source_file specifier: https://deno.land/x/dex/lib/dialects/mysql/query/compiler.js 
fetch_source_file specifier: https://deno.land/x/dex/lib/dialects/mysql/schema/compiler.js 
fetch_source_file specifier: https://deno.land/x/dex/lib/dialects/mysql/schema/tablecompiler.js 
fetch_source_file specifier: https://deno.land/x/dex/lib/dialects/mysql/schema/columncompiler.js 
fetch_source_file specifier: https://deno.land/x/dex/lib/dialects/mysql2/transaction.js 
fetch_source_file specifier: https://deno.land/x/dex/lib/dialects/oracledb/query/compiler.js 
fetch_source_file specifier: https://deno.land/x/dex/lib/dialects/oracledb/schema/columncompiler.js 
fetch_source_file specifier: https://deno.land/x/dex/lib/dialects/oracledb/utils.js 
fetch_source_file specifier: https://deno.land/x/dex/lib/deps/@jspm/core@1.1.0/nodelibs/stream.js 
fetch_source_file specifier: https://deno.land/x/dex/lib/dialects/oracledb/transaction.js 
fetch_source_file specifier: https://deno.land/x/dex/lib/dialects/oracle/index.js 
fetch_source_file specifier: https://deno.land/x/dex/lib/dialects/oracle/formatter.js 
fetch_source_file specifier: https://deno.land/x/dex/lib/dialects/postgres/query/compiler.js 
fetch_source_file specifier: https://deno.land/x/dex/lib/dialects/postgres/schema/columncompiler.js 
fetch_source_file specifier: https://deno.land/x/dex/lib/dialects/postgres/schema/tablecompiler.js 
fetch_source_file specifier: https://deno.land/x/dex/lib/dialects/postgres/schema/compiler.js 
fetch_source_file specifier: https://deno.land/x/dex/lib/dialects/redshift/transaction.js 
fetch_source_file specifier: https://deno.land/x/dex/lib/dialects/redshift/query/compiler.js 
fetch_source_file specifier: https://deno.land/x/dex/lib/dialects/redshift/schema/columnbuilder.js 
fetch_source_file specifier: https://deno.land/x/dex/lib/dialects/redshift/schema/columncompiler.js 
fetch_source_file specifier: https://deno.land/x/dex/lib/dialects/redshift/schema/tablecompiler.js 
fetch_source_file specifier: https://deno.land/x/dex/lib/dialects/redshift/schema/compiler.js 
fetch_source_file specifier: https://deno.land/x/dex/lib/dialects/sqlite3/query/compiler.js 
fetch_source_file specifier: https://deno.land/x/dex/lib/dialects/sqlite3/schema/compiler.js 
fetch_source_file specifier: https://deno.land/x/dex/lib/dialects/sqlite3/schema/columncompiler.js 
fetch_source_file specifier: https://deno.land/x/dex/lib/dialects/sqlite3/schema/tablecompiler.js 
fetch_source_file specifier: https://deno.land/x/dex/lib/dialects/sqlite3/schema/ddl.js 
fetch_source_file specifier: https://deno.land/x/dex/lib/dialects/sqlite3/formatter.js 
fetch_source_file specifier: https://deno.land/x/dex/lib/deps/inherits@2.0.4/inherits.dew.js 
fetch_source_file specifier: https://deno.land/x/dex/lib/deps/debug@4.1.1/src/index.dew.js 
fetch_source_file specifier: https://deno.land/x/dex/lib/deps/lodash@4.17.15/index.dew.js 
fetch_source_file specifier: https://deno.land/x/dex/lib/deps/uuid/v1.ts 
fetch_source_file specifier: https://deno.land/x/dex/lib/deps/uuid/v4.ts 
fetch_source_file specifier: https://deno.land/x/dex/lib/deps/uuid/v5.ts 
fetch_source_file specifier: https://deno.land/x/dex/lib/util/finally-mixin.js 
fetch_source_file specifier: https://deno.land/x/dex/lib/schema/helpers.js 
fetch_source_file specifier: https://deno.land/x/dex/lib/deps/tarn@3.0.0/dist/tarn.dew.js 
fetch_source_file specifier: https://deno.land/x/dex/lib/deps/@jspm/core@1.1.0/nodelibs/chunk-dac557ba.js 
fetch_source_file specifier: https://deno.land/x/dex/lib/deps/@jspm/core@1.1.0/nodelibs/chunk-0c2d1322.js 
fetch_source_file specifier: https://deno.land/x/dex/lib/deps/colors/colors.ts 
fetch_source_file specifier: https://deno.land/x/dex/lib/migrate/table-resolver.js 
fetch_source_file specifier: https://deno.land/x/dex/lib/migrate/table-creator.js 
fetch_source_file specifier: https://deno.land/x/dex/lib/migrate/migration-list-resolver.js 
fetch_source_file specifier: https://deno.land/x/dex/lib/migrate/MigrationGenerator.js 
fetch_source_file specifier: https://deno.land/x/dex/lib/migrate/configuration-merger.js 
fetch_source_file specifier: https://deno.land/x/dex/lib/deps/path/mod.ts 
fetch_source_file specifier: https://deno.land/x/dex/lib/util/fs.js 
fetch_source_file specifier: https://deno.land/x/dex/lib/util/template.js 
fetch_source_file specifier: https://deno.land/x/dex/lib/util/delay.js 
fetch_source_file specifier: https://deno.land/x/dex/lib/deps/@jspm/core@1.1.0/nodelibs/punycode.js 
fetch_source_file specifier: https://deno.land/x/dex/lib/deps/@jspm/core@1.1.0/nodelibs/querystring.js 
fetch_source_file specifier: https://deno.land/x/dex/lib/deps/pg-connection-string@2.2.0/index.dew.js 
fetch_source_file specifier: https://deno.land/x/dex/lib/dialects/oracle/query/compiler.js 
fetch_source_file specifier: https://deno.land/x/dex/lib/dialects/oracle/schema/columncompiler.js 
fetch_source_file specifier: https://deno.land/x/dex/lib/dialects/oracle/utils.js 
fetch_source_file specifier: https://deno.land/x/dex/lib/deps/@jspm/core@1.1.0/nodelibs/buffer.js 
fetch_source_file specifier: https://deno.land/x/dex/lib/deps/@jspm/core@1.1.0/nodelibs/chunk-6e68c801.js 
fetch_source_file specifier: https://deno.land/x/dex/lib/deps/@jspm/core@1.1.0/nodelibs/chunk-cffba9d4.js 
fetch_source_file specifier: https://deno.land/x/dex/lib/dialects/oracle/schema/compiler.js 
fetch_source_file specifier: https://deno.land/x/dex/lib/dialects/oracle/schema/columnbuilder.js 
fetch_source_file specifier: https://deno.land/x/dex/lib/dialects/oracle/schema/tablecompiler.js 
fetch_source_file specifier: https://deno.land/x/dex/lib/util/noop.js 
fetch_source_file specifier: https://deno.land/x/dex/lib/deps/inherits@2.0.4/inherits_browser.dew.js 
fetch_source_file specifier: https://deno.land/x/dex/lib/deps/debug@4.1.1/src/browser.dew.js 
fetch_source_file specifier: https://deno.land/x/dex/lib/deps/debug@4.1.1/src/node.dew.js 
fetch_source_file specifier: https://deno.land/x/dex/lib/deps/@jspm/core@1.1.0/nodelibs/process.js 
fetch_source_file specifier: https://deno.land/x/dex/lib/deps/lodash@4.17.15/lodash.dew.js 
fetch_source_file specifier: https://deno.land/x/dex/lib/deps/uuid/_common.ts 
fetch_source_file specifier: https://deno.land/x/dex/lib/deps/hash/sha1.ts 
fetch_source_file specifier: https://deno.land/x/dex/lib/deps/node/util.ts 
fetch_source_file specifier: https://deno.land/x/dex/lib/deps/testing/asserts.ts 
fetch_source_file specifier: https://deno.land/x/dex/lib/deps/tarn@3.0.0/dist/Pool.dew.js 
fetch_source_file specifier: https://deno.land/x/dex/lib/deps/tarn@3.0.0/dist/TimeoutError.dew.js 
fetch_source_file specifier: https://deno.land/x/dex/lib/migrate/sources/fs-migrations.js 
fetch_source_file specifier: https://deno.land/x/dex/lib/deps/path/win32.ts 
fetch_source_file specifier: https://deno.land/x/dex/lib/deps/path/posix.ts 
fetch_source_file specifier: https://deno.land/x/dex/lib/deps/path/common.ts 
fetch_source_file specifier: https://deno.land/x/dex/lib/deps/path/separator.ts 
fetch_source_file specifier: https://deno.land/x/dex/lib/deps/path/interface.ts 
fetch_source_file specifier: https://deno.land/x/dex/lib/deps/path/glob.ts 
fetch_source_file specifier: https://deno.land/x/dex/lib/dialects/oracle/schema/trigger.js 
fetch_source_file specifier: https://deno.land/x/dex/lib/deps/debug@4.1.1/src/common.dew.js 
fetch_source_file specifier: https://deno.land/x/dex/lib/deps/@jspm/core@1.1.0/nodelibs/tty.js 
fetch_source_file specifier: https://deno.land/x/dex/lib/deps/fmt/colors.ts 
fetch_source_file specifier: https://deno.land/x/dex/lib/deps/testing/diff.ts 
fetch_source_file specifier: https://deno.land/x/dex/lib/deps/tarn@3.0.0/dist/PendingOperation.dew.js 
fetch_source_file specifier: https://deno.land/x/dex/lib/deps/tarn@3.0.0/dist/Resource.dew.js 
fetch_source_file specifier: https://deno.land/x/dex/lib/deps/tarn@3.0.0/dist/utils.dew.js 
fetch_source_file specifier: https://deno.land/x/dex/lib/deps/@jspm/core@1.1.0/nodelibs/timers.js 
fetch_source_file specifier: https://deno.land/x/dex/lib/deps/path/_constants.ts 
fetch_source_file specifier: https://deno.land/x/dex/lib/deps/path/_util.ts 
fetch_source_file specifier: https://deno.land/x/dex/lib/deps/path/_globrex.ts 
fetch_source_file specifier: https://deno.land/x/dex/lib/deps/ms@2.1.2/index.dew.js 
fetch_source_file specifier: https://deno.land/x/dex/lib/deps/tarn@3.0.0/dist/PromiseInspection.dew.js 
